D:\work\HK_DTS\HK_DTS\HK_DTS\Release\cl.command.1.tlog
D:\work\HK_DTS\HK_DTS\HK_DTS\Release\CL.read.1.tlog
D:\work\HK_DTS\HK_DTS\HK_DTS\Release\CL.write.1.tlog
D:\WORK\HK_DTS\HK_DTS\HK_DTS\RELEASE\ENCODE.OBJ
D:\WORK\HK_DTS\HK_DTS\HK_DTS\RELEASE\FUNC.OBJ
D:\WORK\HK_DTS\HK_DTS\HK_DTS\RELEASE\HK_DTS.EXE.INTERMEDIATE.MANIFEST
D:\WORK\HK_DTS\HK_DTS\HK_DTS\RELEASE\HK_DTS.OBJ
D:\WORK\HK_DTS\HK_DTS\HK_DTS\RELEASE\HK_DTS.PCH
D:\WORK\HK_DTS\HK_DTS\HK_DTS\RELEASE\HK_DTS.RES
D:\work\HK_DTS\HK_DTS\HK_DTS\Release\HK_DTS.write.1.tlog
D:\WORK\HK_DTS\HK_DTS\HK_DTS\RELEASE\HK_DTSDLG.OBJ
D:\work\HK_DTS\HK_DTS\HK_DTS\Release\link.command.1.tlog
D:\work\HK_DTS\HK_DTS\HK_DTS\Release\link.read.1.tlog
D:\work\HK_DTS\HK_DTS\HK_DTS\Release\link.write.1.tlog
D:\work\HK_DTS\HK_DTS\HK_DTS\Release\link-cvtres.read.1.tlog
D:\work\HK_DTS\HK_DTS\HK_DTS\Release\link-cvtres.write.1.tlog
D:\WORK\HK_DTS\HK_DTS\HK_DTS\RELEASE\MAKE_DTC.OBJ
D:\work\HK_DTS\HK_DTS\HK_DTS\Release\msado15.tlh
D:\work\HK_DTS\HK_DTS\HK_DTS\Release\msado15.tli
D:\work\HK_DTS\HK_DTS\HK_DTS\Release\mt.command.1.tlog
D:\work\HK_DTS\HK_DTS\HK_DTS\Release\mt.read.1.tlog
D:\work\HK_DTS\HK_DTS\HK_DTS\Release\mt.write.1.tlog
D:\work\HK_DTS\HK_DTS\HK_DTS\Release\rc.command.1.tlog
D:\work\HK_DTS\HK_DTS\HK_DTS\Release\rc.read.1.tlog
D:\work\HK_DTS\HK_DTS\HK_DTS\Release\rc.write.1.tlog
D:\WORK\HK_DTS\HK_DTS\HK_DTS\RELEASE\SOCKCLIENT.OBJ
D:\WORK\HK_DTS\HK_DTS\HK_DTS\RELEASE\STDAFX.OBJ
D:\WORK\HK_DTS\HK_DTS\HK_DTS\RELEASE\VC100.PDB
D:\WORK\HK_DTS\HK_DTS\RELEASE\HK_DTS.EXE
D:\WORK\HK_DTS\HK_DTS\RELEASE\HK_DTS.PDB
